<?xml version="1.0" encoding="UTF-8"?>
<!-- Generated by org.testng.reporters.JUnitXMLReporter -->
<testsuite ignored="0" hostname="DESKTOP-9V7BJ7O" failures="0" tests="4" name="Test" time="0.097" errors="0" timestamp="2023-07-06T11:41:31 IST">
  <testcase classname="src.actitime.textscript.NewTest2" name="f" time="0.016"/>
  <testcase classname="src.actitime.textscript.NewTest2" name="f2" time="0.002"/>
  <testcase classname="src.actitime.textscript.NewTest1" name="f" time="0.005"/>
  <testcase classname="src.actitime.textscript.NewTest1" name="f2" time="0.006"/>
</testsuite> <!-- Test -->
