<?xml version="1.0" encoding="UTF-8"?>
<!-- Generated by org.testng.reporters.JUnitXMLReporter -->
<testsuite ignored="1" hostname="DESKTOP-9V7BJ7O" failures="0" tests="1" name="Default test(failed)(failed)" time="0.064" errors="0" timestamp="2023-07-06T11:46:05 IST">
  <testcase classname="src.actitime.textscript.NewTest2" name="f" time="0.017"/>
  <testcase classname="src.actitime.textscript.NewTest2" name="f2" time="0.0">
    <ignored/>
  </testcase> <!-- f2 -->
</testsuite> <!-- Default test(failed)(failed) -->
