<?xml version="1.0" encoding="UTF-8"?>
<!-- Generated by org.testng.reporters.JUnitXMLReporter -->
<testsuite ignored="1" hostname="DESKTOP-9V7BJ7O" failures="1" tests="1" name="Default test(failed)" time="0.063" errors="0" timestamp="2023-07-06T11:45:35 IST">
  <testcase classname="src.actitime.textscript.NewTest2" name="f" time="0.016">
    <failure type="java.lang.ArithmeticException" message="/ by zero">
      <![CDATA[java.lang.ArithmeticException: / by zero
at src.actitime.textscript.NewTest2.f(NewTest2.java:14)
at java.base/java.util.ArrayList.forEach(ArrayList.java:1511)
... Removed 25 stack frames]]>
    </failure>
  </testcase> <!-- f -->
  <testcase classname="src.actitime.textscript.NewTest2" name="f2" time="0.0">
    <ignored/>
  </testcase> <!-- f2 -->
</testsuite> <!-- Default test(failed) -->
